build/app/outputs/mapping/r8/release/mapping.txt
# compiler: R8
# compiler_version: 1.3.54
# min_api: 21
th.ac.ssru.doctor_com.MainActivity -> th.ac.ssru.doctor_com.MainActivity:
    1:1:void <init>():7:7 -> <init>
    1:2:void onCreate(android.os.Bundle):10:11 -> onCreate
...
com.google.android.gms.internal.measurement.zzkj -> b.a.a.a.e.f.pe:
    boolean zza() -> a
com.google.android.gms.internal.measurement.zzkk -> b.a.a.a.e.f.qe:
    boolean zza() -> a
com.google.android.gms.internal.measurement.zzkl -> b.a.a.a.e.f.re:
    com.google.android.gms.internal.measurement.zzkl zza -> a
    com.google.android.gms.internal.measurement.zzcz zzb -> b
    1:1:void <clinit>():10:10 -> <clinit>
    1:2:void <init>(com.google.android.gms.internal.measurement.zzcz):2:3 -> <init>
    3:3:void <init>():5:5 -> <init>
    1:1:java.lang.Object zza():8:8 -> a
    1:1:boolean zzb():1:1 -> b
com.google.android.gms.internal.measurement.zzkm -> b.a.a.a.e.f.se:
    com.google.android.gms.internal.measurement.zzkm zza -> a
    com.google.android.gms.internal.measurement.zzcz zzb -> b
    1:1:void <clinit>():12:12 -> <clinit>
    1:2:void <init>(com.google.android.gms.internal.measurement.zzcz):4:5 -> <init>
    3:3:void <init>():7:7 -> <init>
    1:1:java.lang.Object zza():10:10 -> a
    1:1:boolean zzb():1:1 -> b
    1:1:boolean zzc():2:2 -> c
    1:1:boolean zzd():3:3 -> d
com.google.android.gms.internal.measurement.zzkn -> b.a.a.a.e.f.te:
    com.google.android.gms.internal.measurement.zzcl zza -> a
    1:3:void <clinit>():3:5 -> <clinit>
    1:1:void <init>():1:1 -> <init>
    1:1:boolean zza():2:2 -> a
com.google.android.gms.internal.measurement.zzko -> b.a.a.a.e.f.ue:
    com.google.android.gms.internal.measurement.zzcl zzb -> b
    com.google.android.gms.internal.measurement.zzcl zza -> a
    com.google.android.gms.internal.measurement.zzcl zzc -> c
    1:5:void <clinit>():5:9 -> <clinit>
    1:1:void <init>():1:1 -> <init>
    1:1:boolean zza():2:2 -> a
    1:1:boolean zzb():3:3 -> g
    1:1:boolean zzc():4:4 -> h
com.google.android.gms.internal.measurement.zzkp -> b.a.a.a.e.f.ve:
    boolean zza() -> a
    boolean zzb() -> g
    boolean zzc() -> h
com.google.android.gms.internal.measurement.zzkq -> b.a.a.a.e.f.we:
    boolean zza() -> a
    boolean zzb() -> g
    boolean zzc() -> h
com.google.android.gms.internal.measurement.zzkr -> b.a.a.a.e.f.xe:
    com.google.android.gms.internal.measurement.zzcz zzb -> b
    com.google.android.gms.internal.measurement.zzkr zza -> a
    1:1:void <clinit>():12:12 -> <clinit>
    1:2:void <init>(com.google.android.gms.internal.measurement.zzcz):4:5 -> <init>
    3:3:void <init>():7:7 -> <init>
    1:1:java.lang.Object zza():10:10 -> a
    1:1:boolean zzb():1:1 -> b
    1:1:boolean zzc():2:2 -> c
    1:1:boolean zzd():3:3 -> d
com.google.android.gms.internal.measurement.zzks -> b.a.a.a.e.f.ye:
    com.google.android.gms.internal.measurement.zzks zza -> a
    com.google.android.gms.internal.measurement.zzcz zzb -> b
    1:1:void <clinit>():11:11 -> <clinit>
    1:2:void <init>(com.google.android.gms.internal.measurement.zzcz):3:4 -> <init>
    3:3:void <init>():6:6 -> <init>
    1:1:java.lang.Object zza():9:9 -> a
    1:1:boolean zzb():1:1 -> b
    1:1:boolean zzc():2:2 -> c
com.google.android.gms.internal.measurement.zzkt -> b.a.a.a.e.f.ze:
    com.google.android.gms.internal.measurement.zzcl zzb -> b
    com.google.android.gms.internal.measurement.zzcl zza -> a
    com.google.android.gms.internal.measurement.zzcl zzc -> c
    1:5:void <clinit>():5:9 -> <clinit>
    1:1:void <init>():1:1 -> <init>
    1:1:boolean zza():2:2 -> a
    1:1:boolean zzb():3:3 -> g
    1:1:boolean zzc():4:4 -> h
com.google.android.gms.internal.measurement.zzku -> b.a.a.a.e.f.Ae:
    com.google.android.gms.internal.measurement.zzcl zzb -> b
    com.google.android.gms.internal.measurement.zzcl zza -> a
    1:4:void <clinit>():4:7 -> <clinit>
    1:1:void <init>():1:1 -> <init>
    1:1:boolean zza():2:2 -> a
    1:1:boolean zzb():3:3 -> g
com.google.android.gms.internal.measurement.zzkv -> b.a.a.a.e.f.Be:
    boolean zza() -> a
    boolean zzb() -> g
com.google.android.gms.internal.measurement.zzkw -> b.a.a.a.e.f.Ce:
    boolean zza() -> a